------------------------------------------------------------------------------------------------------------------------

[2025-01-12 14:02:41 #1 store] 
Database '/home/alumnegs/NetBeansProjects/PracticaJocPlantesMartin/db/p3Martin.odb' is opened by 5687@P-CICLES-68

[2025-01-12 14:02:41 #2 store] 
Configuration path: ?

[2025-01-12 14:02:41 #3 type] 
Type Classes.Partida is not enhanced.

[2025-01-12 14:02:41 #4 type] 
Type Classes.Jardi is not enhanced.

[2025-01-12 14:02:41 #5 type] 
Type Classes.Inventari is not enhanced.

[2025-01-12 14:02:41 #6 type] 
Type Classes.ItemInventari is not enhanced.

[2025-01-12 14:02:41 #7 type] 
Type Classes.Llavor is not enhanced.

[2025-01-12 14:02:41 #8 type] 
Type TipusDePlantes.TipusDePlanta is not enhanced.

------------------------------------------------------------------------------------------------------------------------

[2025-01-12 23:14:53 #1 store] 
Database '/home/alumnegs/NetBeansProjects/PracticaJocPlantesMartin/db/p3Martin.odb' has been recovered (tr. 1-4)

[2025-01-12 23:14:53 #2 store] 
Database '/home/alumnegs/NetBeansProjects/PracticaJocPlantesMartin/db/p3Martin.odb' is opened by 6993@P-CICLES-68

[2025-01-12 23:14:53 #3 store] 
Configuration path: ?

[2025-01-12 23:14:53 #4 type] 
Type Classes.Partida is not enhanced.

[2025-01-12 23:14:53 #5 type] 
Type Classes.Jardi is not enhanced.

[2025-01-12 23:14:53 #6 type] 
Type Classes.Inventari is not enhanced.

[2025-01-12 23:14:53 #7 type] 
Type Classes.ItemInventari is not enhanced.

[2025-01-12 23:14:53 #8 type] 
Type Classes.Llavor is not enhanced.

[2025-01-12 23:14:53 #9 type] 
Type TipusDePlantes.TipusDePlanta is not enhanced.

[2025-01-12 23:14:53 #10 type] 
Type TipusDePlantes.PlantaGirasol is not enhanced.

------------------------------------------------------------------------------------------------------------------------

[2025-01-12 23:18:35 #1 store] 
Database '/home/alumnegs/NetBeansProjects/PracticaJocPlantesMartin/db/p3Martin.odb' has been recovered (tr. 5-6)

[2025-01-12 23:18:35 #2 store] 
Database '/home/alumnegs/NetBeansProjects/PracticaJocPlantesMartin/db/p3Martin.odb' is opened by 7318@P-CICLES-68

[2025-01-12 23:18:35 #3 store] 
Configuration path: ?

[2025-01-12 23:18:35 #4 type] 
Type Classes.Partida is not enhanced.

[2025-01-12 23:18:35 #5 type] 
Type Classes.Jardi is not enhanced.

[2025-01-12 23:18:35 #6 type] 
Type Classes.Inventari is not enhanced.

[2025-01-12 23:18:35 #7 type] 
Type Classes.Casella is not enhanced.

[2025-01-12 23:18:35 #8 type] 
Type Classes.ItemInventari is not enhanced.

[2025-01-12 23:18:35 #9 type] 
Type Classes.Llavor is not enhanced.

[2025-01-12 23:18:35 #10 type] 
Type TipusDePlantes.TipusDePlanta is not enhanced.

[2025-01-12 23:18:35 #11 type] 
Type TipusDePlantes.PlantaGirasol is not enhanced.

[2025-01-12 23:18:35 #12 type] 
Type Classes.Planta is not enhanced.

------------------------------------------------------------------------------------------------------------------------

[2025-01-12 23:36:50 #1 store] 
Database '/home/alumnegs/NetBeansProjects/PracticaJocPlantesMartin/db/p3Martin.odb' has been recovered (tr. 7-8)

[2025-01-12 23:36:50 #2 store] 
Database '/home/alumnegs/NetBeansProjects/PracticaJocPlantesMartin/db/p3Martin.odb' is opened by 8696@P-CICLES-68

[2025-01-12 23:36:50 #3 store] 
Configuration path: ?

[2025-01-12 23:36:50 #4 type] 
Type Classes.Partida is not enhanced.

[2025-01-12 23:36:50 #5 type] 
Type Classes.Jardi is not enhanced.

[2025-01-12 23:36:50 #6 type] 
Type Classes.Inventari is not enhanced.

[2025-01-12 23:36:50 #7 type] 
Type Classes.Casella is not enhanced.

[2025-01-12 23:36:50 #8 type] 
Type Classes.ItemInventari is not enhanced.

[2025-01-12 23:36:50 #9 type] 
Type Classes.Llavor is not enhanced.

[2025-01-12 23:36:50 #10 type] 
Type TipusDePlantes.TipusDePlanta is not enhanced.

[2025-01-12 23:36:50 #11 type] 
Type TipusDePlantes.PlantaGirasol is not enhanced.

[2025-01-12 23:36:50 #12 type] 
Type Classes.Planta is not enhanced.

------------------------------------------------------------------------------------------------------------------------

[2025-01-12 23:41:03 #1 store] 
Database '/home/alumnegs/NetBeansProjects/PracticaJocPlantesMartin/db/p3Martin.odb' is opened by 8946@P-CICLES-68

[2025-01-12 23:41:03 #2 store] 
Configuration path: ?

[2025-01-12 23:41:03 #3 type] 
Type Classes.Partida is not enhanced.

[2025-01-12 23:41:03 #4 type] 
Type Classes.Jardi is not enhanced.

[2025-01-12 23:41:03 #5 type] 
Type Classes.Inventari is not enhanced.

[2025-01-12 23:41:03 #6 type] 
Type Classes.Casella is not enhanced.

[2025-01-12 23:41:03 #7 type] 
Type Classes.ItemInventari is not enhanced.

[2025-01-12 23:41:03 #8 type] 
Type Classes.Llavor is not enhanced.

[2025-01-12 23:41:03 #9 type] 
Type TipusDePlantes.TipusDePlanta is not enhanced.

[2025-01-12 23:41:03 #10 type] 
Type TipusDePlantes.PlantaGirasol is not enhanced.

[2025-01-12 23:41:03 #11 type] 
Type Classes.Planta is not enhanced.

------------------------------------------------------------------------------------------------------------------------

[2025-01-12 23:42:24 #1 store] 
Database '/home/alumnegs/NetBeansProjects/PracticaJocPlantesMartin/db/p3Martin.odb' is opened by 9108@P-CICLES-68

[2025-01-12 23:42:24 #2 store] 
Configuration path: ?

[2025-01-12 23:42:24 #3 type] 
Type Classes.Partida is not enhanced.

[2025-01-12 23:42:24 #4 type] 
Type Classes.Jardi is not enhanced.

[2025-01-12 23:42:24 #5 type] 
Type Classes.Inventari is not enhanced.

[2025-01-12 23:42:24 #6 type] 
Type Classes.Casella is not enhanced.

[2025-01-12 23:42:24 #7 type] 
Type Classes.ItemInventari is not enhanced.

[2025-01-12 23:42:24 #8 type] 
Type Classes.Llavor is not enhanced.

[2025-01-12 23:42:24 #9 type] 
Type TipusDePlantes.TipusDePlanta is not enhanced.

[2025-01-12 23:42:24 #10 type] 
Type TipusDePlantes.PlantaGirasol is not enhanced.

[2025-01-12 23:42:24 #11 type] 
Type Classes.Planta is not enhanced.

[2025-01-12 23:42:24 #12 store] 
Database '/home/alumnegs/NetBeansProjects/PracticaJocPlantesMartin/db/p3Martin.odb' is closed by 9108@P-CICLES-68

[2025-01-12 23:42:51 #13 store] 
Database '/home/alumnegs/NetBeansProjects/PracticaJocPlantesMartin/db/p3Martin.odb' is opened by 9108@P-CICLES-68

[2025-01-12 23:42:51 #14 store] 
Configuration path: ?

[2025-01-12 23:42:51 #15 store] 
Database '/home/alumnegs/NetBeansProjects/PracticaJocPlantesMartin/db/p3Martin.odb' is closed by 9108@P-CICLES-68

