------------------------------------------------------------------------------------------------------------------------

[2025-01-19 23:03:40 #1 store] 
Database '/home/alumnegs/NetBeansProjects/PracticaJocPlantesMartin/db/p3Martin.odb' is opened by 6591@P-CICLES-68

[2025-01-19 23:03:40 #2 store] 
Configuration path: ?

[2025-01-19 23:03:40 #3 type] 
Type Classes.Llavor is not enhanced.

[2025-01-19 23:03:40 #4 type] 
Type TipusDePlantes.TipusDePlanta is not enhanced.

[2025-01-19 23:03:40 #5 type] 
Type TipusDePlantes.PlantaGirasol is not enhanced.

[2025-01-19 23:03:40 #6 type] 
Type Classes.ItemInventari is not enhanced.

[2025-01-19 23:03:40 #7 type] 
Type Classes.Inventari is not enhanced.

[2025-01-19 23:03:40 #8 type] 
Type TipusDePlantes.PlantaTrebolDeLaSort is not enhanced.

[2025-01-19 23:03:40 #9 type] 
Type Classes.Planta is not enhanced.

[2025-01-19 23:03:40 #10 type] 
Type Classes.Casella is not enhanced.

[2025-01-19 23:03:40 #11 type] 
Type Classes.Jardi is not enhanced.

[2025-01-19 23:03:40 #12 type] 
Type Classes.Partida is not enhanced.

------------------------------------------------------------------------------------------------------------------------

[2025-01-19 23:06:30 #1 store] 
Database '/home/alumnegs/NetBeansProjects/PracticaJocPlantesMartin/db/p3Martin.odb' is opened by 6831@P-CICLES-68

[2025-01-19 23:06:30 #2 store] 
Configuration path: ?

[2025-01-19 23:06:30 #3 type] 
Type Classes.Llavor is not enhanced.

[2025-01-19 23:06:30 #4 type] 
Type TipusDePlantes.TipusDePlanta is not enhanced.

[2025-01-19 23:06:30 #5 type] 
Type TipusDePlantes.PlantaGirasol is not enhanced.

[2025-01-19 23:06:30 #6 type] 
Type Classes.ItemInventari is not enhanced.

[2025-01-19 23:06:30 #7 type] 
Type Classes.Inventari is not enhanced.

[2025-01-19 23:06:30 #8 type] 
Type TipusDePlantes.PlantaTrebolDeLaSort is not enhanced.

[2025-01-19 23:06:30 #9 type] 
Type Classes.Planta is not enhanced.

[2025-01-19 23:06:30 #10 type] 
Type Classes.Casella is not enhanced.

[2025-01-19 23:06:30 #11 type] 
Type Classes.Jardi is not enhanced.

[2025-01-19 23:06:30 #12 type] 
Type Classes.Partida is not enhanced.

------------------------------------------------------------------------------------------------------------------------

[2025-01-19 23:10:13 #1 store] 
Database '/home/alumnegs/NetBeansProjects/PracticaJocPlantesMartin/db/p3Martin.odb' is opened by 7477@P-CICLES-68

[2025-01-19 23:10:13 #2 store] 
Configuration path: ?

[2025-01-19 23:10:14 #3 type] 
Type Classes.Llavor is not enhanced.

[2025-01-19 23:10:14 #4 type] 
Type TipusDePlantes.TipusDePlanta is not enhanced.

[2025-01-19 23:10:14 #5 type] 
Type TipusDePlantes.PlantaGirasol is not enhanced.

[2025-01-19 23:10:14 #6 type] 
Type Classes.ItemInventari is not enhanced.

[2025-01-19 23:10:14 #7 type] 
Type Classes.Inventari is not enhanced.

[2025-01-19 23:10:14 #8 type] 
Type TipusDePlantes.PlantaTrebolDeLaSort is not enhanced.

[2025-01-19 23:10:14 #9 type] 
Type Classes.Planta is not enhanced.

[2025-01-19 23:10:14 #10 type] 
Type Classes.Casella is not enhanced.

[2025-01-19 23:10:14 #11 type] 
Type Classes.Jardi is not enhanced.

[2025-01-19 23:10:14 #12 type] 
Type Classes.Partida is not enhanced.

[2025-01-19 23:10:14 #13 store] 
Database '/home/alumnegs/NetBeansProjects/PracticaJocPlantesMartin/db/p3Martin.odb' is closed by 7477@P-CICLES-68

------------------------------------------------------------------------------------------------------------------------

[2025-01-19 23:11:12 #1 store] 
Database '/home/alumnegs/NetBeansProjects/PracticaJocPlantesMartin/db/p3Martin.odb' is opened by 7643@P-CICLES-68

[2025-01-19 23:11:12 #2 store] 
Configuration path: ?

[2025-01-19 23:11:12 #3 type] 
Type Classes.Llavor is not enhanced.

[2025-01-19 23:11:12 #4 type] 
Type TipusDePlantes.TipusDePlanta is not enhanced.

[2025-01-19 23:11:12 #5 type] 
Type TipusDePlantes.PlantaGirasol is not enhanced.

[2025-01-19 23:11:12 #6 type] 
Type Classes.ItemInventari is not enhanced.

[2025-01-19 23:11:12 #7 type] 
Type Classes.Inventari is not enhanced.

[2025-01-19 23:11:12 #8 type] 
Type TipusDePlantes.PlantaTrebolDeLaSort is not enhanced.

[2025-01-19 23:11:12 #9 type] 
Type Classes.Planta is not enhanced.

[2025-01-19 23:11:12 #10 type] 
Type Classes.Casella is not enhanced.

[2025-01-19 23:11:12 #11 type] 
Type Classes.Jardi is not enhanced.

[2025-01-19 23:11:12 #12 type] 
Type Classes.Partida is not enhanced.

------------------------------------------------------------------------------------------------------------------------

[2025-01-19 23:14:19 #1 store] 
Database '/home/alumnegs/NetBeansProjects/PracticaJocPlantesMartin/db/p3Martin.odb' is opened by 8292@P-CICLES-68

[2025-01-19 23:14:19 #2 store] 
Configuration path: ?

[2025-01-19 23:14:19 #3 type] 
Type Classes.Llavor is not enhanced.

[2025-01-19 23:14:19 #4 type] 
Type TipusDePlantes.TipusDePlanta is not enhanced.

[2025-01-19 23:14:19 #5 type] 
Type TipusDePlantes.PlantaGirasol is not enhanced.

[2025-01-19 23:14:19 #6 type] 
Type Classes.ItemInventari is not enhanced.

[2025-01-19 23:14:19 #7 type] 
Type Classes.Inventari is not enhanced.

[2025-01-19 23:14:19 #8 type] 
Type TipusDePlantes.PlantaTrebolDeLaSort is not enhanced.

[2025-01-19 23:14:19 #9 type] 
Type Classes.Planta is not enhanced.

[2025-01-19 23:14:19 #10 type] 
Type Classes.Casella is not enhanced.

[2025-01-19 23:14:19 #11 type] 
Type Classes.Jardi is not enhanced.

[2025-01-19 23:14:19 #12 type] 
Type Classes.Partida is not enhanced.

[2025-01-19 23:14:19 #13 store] 
Database '/home/alumnegs/NetBeansProjects/PracticaJocPlantesMartin/db/p3Martin.odb' is closed by 8292@P-CICLES-68

[2025-01-19 23:14:26 #14 store] 
Database '/home/alumnegs/NetBeansProjects/PracticaJocPlantesMartin/db/p3Martin.odb' is opened by 8292@P-CICLES-68

[2025-01-19 23:14:26 #15 store] 
Configuration path: ?

[2025-01-19 23:14:26 #16 store] 
Database '/home/alumnegs/NetBeansProjects/PracticaJocPlantesMartin/db/p3Martin.odb' is closed by 8292@P-CICLES-68

------------------------------------------------------------------------------------------------------------------------

[2025-01-19 23:16:26 #1 store] 
Database '/home/alumnegs/NetBeansProjects/PracticaJocPlantesMartin/db/p3Martin.odb' is opened by 8780@P-CICLES-68

[2025-01-19 23:16:26 #2 store] 
Configuration path: ?

[2025-01-19 23:16:26 #3 type] 
Type Classes.Llavor is not enhanced.

[2025-01-19 23:16:26 #4 type] 
Type TipusDePlantes.TipusDePlanta is not enhanced.

[2025-01-19 23:16:26 #5 type] 
Type TipusDePlantes.PlantaGirasol is not enhanced.

[2025-01-19 23:16:26 #6 type] 
Type Classes.ItemInventari is not enhanced.

[2025-01-19 23:16:26 #7 type] 
Type Classes.Inventari is not enhanced.

[2025-01-19 23:16:26 #8 type] 
Type TipusDePlantes.PlantaTrebolDeLaSort is not enhanced.

[2025-01-19 23:16:26 #9 type] 
Type Classes.Planta is not enhanced.

[2025-01-19 23:16:26 #10 type] 
Type Classes.Casella is not enhanced.

[2025-01-19 23:16:26 #11 type] 
Type Classes.Jardi is not enhanced.

[2025-01-19 23:16:26 #12 type] 
Type Classes.Partida is not enhanced.

[2025-01-19 23:16:26 #13 store] 
Database '/home/alumnegs/NetBeansProjects/PracticaJocPlantesMartin/db/p3Martin.odb' is closed by 8780@P-CICLES-68

------------------------------------------------------------------------------------------------------------------------

[2025-01-19 23:21:37 #1 store] 
Database '/home/alumnegs/NetBeansProjects/PracticaJocPlantesMartin/db/p3Martin.odb' is opened by 9106@P-CICLES-68

[2025-01-19 23:21:37 #2 store] 
Configuration path: ?

[2025-01-19 23:21:37 #3 type] 
Type Classes.Llavor is not enhanced.

[2025-01-19 23:21:37 #4 type] 
Type TipusDePlantes.TipusDePlanta is not enhanced.

[2025-01-19 23:21:37 #5 type] 
Type TipusDePlantes.PlantaGirasol is not enhanced.

[2025-01-19 23:21:37 #6 type] 
Type Classes.ItemInventari is not enhanced.

[2025-01-19 23:21:37 #7 type] 
Type Classes.Inventari is not enhanced.

[2025-01-19 23:21:37 #8 type] 
Type TipusDePlantes.PlantaTrebolDeLaSort is not enhanced.

[2025-01-19 23:21:37 #9 type] 
Type Classes.Planta is not enhanced.

[2025-01-19 23:21:37 #10 type] 
Type Classes.Casella is not enhanced.

[2025-01-19 23:21:37 #11 type] 
Type Classes.Jardi is not enhanced.

[2025-01-19 23:21:37 #12 type] 
Type Classes.Partida is not enhanced.

[2025-01-19 23:21:37 #13 store] 
Database '/home/alumnegs/NetBeansProjects/PracticaJocPlantesMartin/db/p3Martin.odb' is closed by 9106@P-CICLES-68

------------------------------------------------------------------------------------------------------------------------

[2025-01-19 23:22:53 #1 store] 
Database '/home/alumnegs/NetBeansProjects/PracticaJocPlantesMartin/db/p3Martin.odb' is opened by 9270@P-CICLES-68

[2025-01-19 23:22:54 #2 store] 
Configuration path: ?

[2025-01-19 23:22:54 #3 type] 
Type Classes.Llavor is not enhanced.

[2025-01-19 23:22:54 #4 type] 
Type TipusDePlantes.TipusDePlanta is not enhanced.

[2025-01-19 23:22:54 #5 type] 
Type TipusDePlantes.PlantaGirasol is not enhanced.

[2025-01-19 23:22:54 #6 type] 
Type Classes.ItemInventari is not enhanced.

[2025-01-19 23:22:54 #7 type] 
Type Classes.Inventari is not enhanced.

[2025-01-19 23:22:54 #8 type] 
Type TipusDePlantes.PlantaTrebolDeLaSort is not enhanced.

[2025-01-19 23:22:54 #9 type] 
Type Classes.Planta is not enhanced.

[2025-01-19 23:22:54 #10 type] 
Type Classes.Casella is not enhanced.

[2025-01-19 23:22:54 #11 type] 
Type Classes.Jardi is not enhanced.

[2025-01-19 23:22:54 #12 type] 
Type Classes.Partida is not enhanced.

[2025-01-19 23:22:54 #13 store] 
Database '/home/alumnegs/NetBeansProjects/PracticaJocPlantesMartin/db/p3Martin.odb' is closed by 9270@P-CICLES-68

------------------------------------------------------------------------------------------------------------------------

[2025-01-19 23:28:02 #1 store] 
Database '/home/alumnegs/NetBeansProjects/PracticaJocPlantesMartin/db/p3Martin.odb' is opened by 9592@P-CICLES-68

[2025-01-19 23:28:02 #2 store] 
Configuration path: ?

[2025-01-19 23:28:02 #3 type] 
Type Classes.Llavor is not enhanced.

[2025-01-19 23:28:02 #4 type] 
Type TipusDePlantes.TipusDePlanta is not enhanced.

[2025-01-19 23:28:02 #5 type] 
Type TipusDePlantes.PlantaGirasol is not enhanced.

[2025-01-19 23:28:02 #6 type] 
Type Classes.ItemInventari is not enhanced.

[2025-01-19 23:28:02 #7 type] 
Type Classes.Inventari is not enhanced.

[2025-01-19 23:28:02 #8 type] 
Type TipusDePlantes.PlantaTrebolDeLaSort is not enhanced.

[2025-01-19 23:28:02 #9 type] 
Type Classes.Planta is not enhanced.

[2025-01-19 23:28:02 #10 type] 
Type Classes.Casella is not enhanced.

[2025-01-19 23:28:02 #11 type] 
Type Classes.Jardi is not enhanced.

[2025-01-19 23:28:02 #12 type] 
Type Classes.Partida is not enhanced.

[2025-01-19 23:28:02 #13 store] 
Database '/home/alumnegs/NetBeansProjects/PracticaJocPlantesMartin/db/p3Martin.odb' is closed by 9592@P-CICLES-68

------------------------------------------------------------------------------------------------------------------------

[2025-01-19 23:28:17 #1 store] 
Database '/home/alumnegs/NetBeansProjects/PracticaJocPlantesMartin/db/p3Martin.odb' is opened by 9678@P-CICLES-68

[2025-01-19 23:28:17 #2 store] 
Configuration path: ?

[2025-01-19 23:28:17 #3 type] 
Type Classes.Llavor is not enhanced.

[2025-01-19 23:28:17 #4 type] 
Type TipusDePlantes.TipusDePlanta is not enhanced.

[2025-01-19 23:28:17 #5 type] 
Type TipusDePlantes.PlantaGirasol is not enhanced.

[2025-01-19 23:28:17 #6 type] 
Type Classes.ItemInventari is not enhanced.

[2025-01-19 23:28:17 #7 type] 
Type Classes.Inventari is not enhanced.

[2025-01-19 23:28:17 #8 type] 
Type TipusDePlantes.PlantaTrebolDeLaSort is not enhanced.

[2025-01-19 23:28:17 #9 type] 
Type Classes.Planta is not enhanced.

[2025-01-19 23:28:17 #10 type] 
Type Classes.Casella is not enhanced.

[2025-01-19 23:28:17 #11 type] 
Type Classes.Jardi is not enhanced.

[2025-01-19 23:28:17 #12 type] 
Type Classes.Partida is not enhanced.

[2025-01-19 23:28:17 #13 store] 
Database '/home/alumnegs/NetBeansProjects/PracticaJocPlantesMartin/db/p3Martin.odb' is closed by 9678@P-CICLES-68

------------------------------------------------------------------------------------------------------------------------

[2025-01-19 23:28:33 #1 store] 
Database '/home/alumnegs/NetBeansProjects/PracticaJocPlantesMartin/db/p3Martin.odb' is opened by 9788@P-CICLES-68

[2025-01-19 23:28:33 #2 store] 
Configuration path: ?

[2025-01-19 23:28:33 #3 type] 
Type Classes.Llavor is not enhanced.

[2025-01-19 23:28:33 #4 type] 
Type TipusDePlantes.TipusDePlanta is not enhanced.

[2025-01-19 23:28:33 #5 type] 
Type TipusDePlantes.PlantaGirasol is not enhanced.

[2025-01-19 23:28:33 #6 type] 
Type Classes.ItemInventari is not enhanced.

[2025-01-19 23:28:33 #7 type] 
Type Classes.Inventari is not enhanced.

[2025-01-19 23:28:33 #8 type] 
Type TipusDePlantes.PlantaTrebolDeLaSort is not enhanced.

[2025-01-19 23:28:33 #9 type] 
Type Classes.Planta is not enhanced.

[2025-01-19 23:28:33 #10 type] 
Type Classes.Casella is not enhanced.

[2025-01-19 23:28:33 #11 type] 
Type Classes.Jardi is not enhanced.

[2025-01-19 23:28:33 #12 type] 
Type Classes.Partida is not enhanced.

[2025-01-19 23:28:33 #13 store] 
Database '/home/alumnegs/NetBeansProjects/PracticaJocPlantesMartin/db/p3Martin.odb' is closed by 9788@P-CICLES-68

