------------------------------------------------------------------------------------------------------------------------

[2024-11-29 13:09:17 #1 store] 
Database 'C:\Users\joelg\Documents\NetBeansProjects\M06_UF2_PR2_Solucio\db\M06_UF2_PR2.odb' is opened by 33628@JoelCascalló

[2024-11-29 13:09:17 #2 store] 
Configuration path: ?

[2024-11-29 13:09:17 #3 type] 
Type Classes.Partida is not enhanced.

[2024-11-29 13:09:17 #4 store] 
Database 'C:\Users\joelg\Documents\NetBeansProjects\M06_UF2_PR2_Solucio\db\M06_UF2_PR2.odb' is closed by 33628@JoelCascalló

------------------------------------------------------------------------------------------------------------------------

[2024-11-29 13:10:35 #1 store] 
Database 'C:\Users\joelg\Documents\NetBeansProjects\M06_UF2_PR2_Solucio\db\M06_UF2_PR2.odb' is opened by 33004@JoelCascalló

[2024-11-29 13:10:35 #2 store] 
Configuration path: ?

[2024-11-29 13:10:35 #3 type] 
Type Classes.Partida is not enhanced.

[2024-11-29 13:10:35 #4 store] 
Database 'C:\Users\joelg\Documents\NetBeansProjects\M06_UF2_PR2_Solucio\db\M06_UF2_PR2.odb' is closed by 33004@JoelCascalló

------------------------------------------------------------------------------------------------------------------------

[2024-11-29 13:14:33 #1 store] 
Database 'C:\Users\joelg\Documents\NetBeansProjects\M06_UF2_PR2_Solucio\db\M06_UF2_PR2.odb' is opened by 30944@JoelCascalló

[2024-11-29 13:14:33 #2 store] 
Configuration path: ?

[2024-11-29 13:14:33 #3 type] 
Type Classes.Partida is not enhanced.

------------------------------------------------------------------------------------------------------------------------

[2024-11-29 13:18:37 #1 store] 
Database 'C:\Users\joelg\Documents\NetBeansProjects\M06_UF2_PR2_Solucio\db\M06_UF2_PR2.odb' has been recovered (tr. 4-4)

[2024-11-29 13:18:37 #2 store] 
Database 'C:\Users\joelg\Documents\NetBeansProjects\M06_UF2_PR2_Solucio\db\M06_UF2_PR2.odb' is opened by 24792@JoelCascalló

[2024-11-29 13:18:37 #3 store] 
Configuration path: ?

------------------------------------------------------------------------------------------------------------------------

[2024-11-29 13:20:36 #1 store] 
Database 'C:\Users\joelg\Documents\NetBeansProjects\M06_UF2_PR2_Solucio\db\M06_UF2_PR2.odb' is opened by 9832@JoelCascalló

[2024-11-29 13:20:36 #2 store] 
Configuration path: ?

[2024-11-29 13:20:36 #3 type] 
Type Classes.Partida is not enhanced.

------------------------------------------------------------------------------------------------------------------------

[2024-11-29 13:22:31 #1 store] 
Database 'C:\Users\joelg\Documents\NetBeansProjects\M06_UF2_PR2_Solucio\db\M06_UF2_PR2.odb' is opened by 28024@JoelCascalló

[2024-11-29 13:22:31 #2 store] 
Configuration path: ?

[2024-11-29 13:22:31 #3 type] 
Type Classes.Partida is not enhanced.

------------------------------------------------------------------------------------------------------------------------

[2024-11-29 13:24:26 #1 store] 
Database 'C:\Users\joelg\Documents\NetBeansProjects\M06_UF2_PR2_Solucio\db\M06_UF2_PR2.odb' is opened by 31368@JoelCascalló

[2024-11-29 13:24:26 #2 store] 
Configuration path: ?

[2024-11-29 13:24:27 #3 type] 
Type Classes.Partida is not enhanced.

------------------------------------------------------------------------------------------------------------------------

[2024-11-29 13:35:09 #1 store] 
Database 'C:\Users\joelg\Documents\NetBeansProjects\M06_UF2_PR2_Solucio\db\M06_UF2_PR2.odb' is opened by 14408@JoelCascalló

[2024-11-29 13:35:09 #2 store] 
Configuration path: ?

[2024-11-29 13:35:09 #3 type] 
Type Classes.Partida is not enhanced.

[2024-11-29 13:35:09 #4 type] 
Type Classes.Jardi is not enhanced.

[2024-11-29 13:35:09 #5 type] 
Type Classes.Inventari is not enhanced.

[2024-11-29 13:35:09 #6 type] 
Type Classes.Casella is not enhanced.

[2024-11-29 13:35:09 #7 type] 
Type Classes.Llavor is not enhanced.

[2024-11-29 13:35:09 #8 type] 
Type Classes.Planta is not enhanced.

[2024-11-29 13:35:09 #9 type] 
Type TipusDePlantes.TipusDePlanta is not enhanced.

------------------------------------------------------------------------------------------------------------------------

[2024-11-29 13:38:42 #1 store] 
Database 'C:\Users\joelg\Documents\NetBeansProjects\M06_UF2_PR2_Solucio\db\M06_UF2_PR2.odb' has been recovered (tr. 5-5)

[2024-11-29 13:38:42 #2 store] 
Database 'C:\Users\joelg\Documents\NetBeansProjects\M06_UF2_PR2_Solucio\db\M06_UF2_PR2.odb' is opened by 35900@JoelCascalló

[2024-11-29 13:38:42 #3 store] 
Configuration path: ?

[2024-11-29 13:38:42 #4 type] 
Type Classes.Partida is not enhanced.

[2024-11-29 13:38:42 #5 type] 
Type Classes.Jardi is not enhanced.

[2024-11-29 13:38:42 #6 type] 
Type Classes.Inventari is not enhanced.

[2024-11-29 13:38:42 #7 type] 
Type Classes.Casella is not enhanced.

[2024-11-29 13:38:42 #8 type] 
Type Classes.Llavor is not enhanced.

[2024-11-29 13:38:42 #9 type] 
Type Classes.Planta is not enhanced.

[2024-11-29 13:38:42 #10 type] 
Type TipusDePlantes.TipusDePlanta is not enhanced.

------------------------------------------------------------------------------------------------------------------------

[2024-11-29 14:16:02 #1 store] 
Database 'C:\Users\joelg\Documents\NetBeansProjects\M06_UF2_PR2_Solucio\db\M06_UF2_PR2.odb' is opened by 31700@JoelCascalló

[2024-11-29 14:16:02 #2 store] 
Configuration path: ?

[2024-11-29 14:16:02 #3 type] 
Type Classes.Partida is not enhanced.

[2024-11-29 14:16:02 #4 type] 
Type Classes.Jardi is not enhanced.

[2024-11-29 14:16:02 #5 type] 
Type Classes.Inventari is not enhanced.

[2024-11-29 14:16:02 #6 type] 
Type Classes.Casella is not enhanced.

[2024-11-29 14:16:02 #7 type] 
Type Classes.Llavor is not enhanced.

[2024-11-29 14:16:02 #8 type] 
Type Classes.Planta is not enhanced.

[2024-11-29 14:16:02 #9 type] 
Type TipusDePlantes.TipusDePlanta is not enhanced.

[2024-11-29 14:16:02 #10 type] 
Type Classes.ItemInventari is not enhanced.

------------------------------------------------------------------------------------------------------------------------

[2024-11-29 14:19:53 #1 store] 
Database 'C:\Users\joelg\Documents\NetBeansProjects\M06_UF2_PR2_Solucio\db\M06_UF2_PR2.odb' has been recovered (tr. 6-7)

[2024-11-29 14:19:53 #2 store] 
Database 'C:\Users\joelg\Documents\NetBeansProjects\M06_UF2_PR2_Solucio\db\M06_UF2_PR2.odb' is opened by 31188@JoelCascalló

[2024-11-29 14:19:53 #3 store] 
Configuration path: ?

[2024-11-29 14:19:53 #4 type] 
Type Classes.Partida is not enhanced.

[2024-11-29 14:19:53 #5 type] 
Type Classes.Jardi is not enhanced.

------------------------------------------------------------------------------------------------------------------------

[2024-11-29 14:20:37 #1 store] 
Database 'C:\Users\joelg\Documents\NetBeansProjects\M06_UF2_PR2_Solucio\db\M06_UF2_PR2.odb' is opened by 28012@JoelCascalló

[2024-11-29 14:20:37 #2 store] 
Configuration path: ?

[2024-11-29 14:20:38 #3 type] 
Type Classes.Partida is not enhanced.

[2024-11-29 14:20:38 #4 type] 
Type Classes.Jardi is not enhanced.

[2024-11-29 14:20:38 #5 type] 
Type Classes.Inventari is not enhanced.

[2024-11-29 14:20:38 #6 type] 
Type Classes.Casella is not enhanced.

[2024-11-29 14:20:38 #7 type] 
Type Classes.Llavor is not enhanced.

[2024-11-29 14:20:38 #8 type] 
Type Classes.Planta is not enhanced.

[2024-11-29 14:20:38 #9 type] 
Type TipusDePlantes.TipusDePlanta is not enhanced.

[2024-11-29 14:20:38 #10 type] 
Type Classes.ItemInventari is not enhanced.

------------------------------------------------------------------------------------------------------------------------

[2024-11-29 14:25:20 #1 store] 
Database 'C:\Users\joelg\Documents\NetBeansProjects\M06_UF2_PR2_Solucio\db\M06_UF2_PR2.odb' has been recovered (tr. 8-8)

[2024-11-29 14:25:20 #2 store] 
Database 'C:\Users\joelg\Documents\NetBeansProjects\M06_UF2_PR2_Solucio\db\M06_UF2_PR2.odb' is opened by 13452@JoelCascalló

[2024-11-29 14:25:20 #3 store] 
Configuration path: ?

[2024-11-29 14:25:20 #4 type] 
Type Classes.Partida is not enhanced.

[2024-11-29 14:25:20 #5 type] 
Type Classes.Jardi is not enhanced.

------------------------------------------------------------------------------------------------------------------------

[2024-11-29 14:27:05 #1 store] 
Database 'C:\Users\joelg\Documents\NetBeansProjects\M06_UF2_PR2_Solucio\db\M06_UF2_PR2.odb' is opened by 36224@JoelCascalló

[2024-11-29 14:27:05 #2 store] 
Configuration path: ?

[2024-11-29 14:27:05 #3 type] 
Type Classes.Partida is not enhanced.

[2024-11-29 14:27:05 #4 type] 
Type Classes.Jardi is not enhanced.

------------------------------------------------------------------------------------------------------------------------

[2024-11-29 14:27:23 #1 store] 
Database 'C:\Users\joelg\Documents\NetBeansProjects\M06_UF2_PR2_Solucio\db\M06_UF2_PR2.odb' is opened by 25788@JoelCascalló

[2024-11-29 14:27:23 #2 store] 
Configuration path: ?

[2024-11-29 14:27:23 #3 type] 
Type Classes.Partida is not enhanced.

[2024-11-29 14:27:23 #4 type] 
Type Classes.Jardi is not enhanced.

[2024-11-29 14:27:23 #5 type] 
Type Classes.Inventari is not enhanced.

[2024-11-29 14:27:23 #6 type] 
Type Classes.Casella is not enhanced.

[2024-11-29 14:27:23 #7 type] 
Type Classes.Llavor is not enhanced.

[2024-11-29 14:27:23 #8 type] 
Type Classes.Planta is not enhanced.

[2024-11-29 14:27:23 #9 type] 
Type TipusDePlantes.TipusDePlanta is not enhanced.

[2024-11-29 14:27:23 #10 type] 
Type Classes.ItemInventari is not enhanced.

------------------------------------------------------------------------------------------------------------------------

[2024-11-29 14:29:14 #1 store] 
Database 'C:\Users\joelg\Documents\NetBeansProjects\M06_UF2_PR2_Solucio\db\M06_UF2_PR2.odb' is opened by 29028@JoelCascalló

[2024-11-29 14:29:14 #2 store] 
Configuration path: ?

[2024-11-29 14:29:14 #3 type] 
Type Classes.Partida is not enhanced.

[2024-11-29 14:29:14 #4 type] 
Type Classes.Jardi is not enhanced.

[2024-11-29 14:29:14 #5 type] 
Type Classes.Inventari is not enhanced.

[2024-11-29 14:29:14 #6 type] 
Type Classes.Casella is not enhanced.

[2024-11-29 14:29:14 #7 type] 
Type Classes.Llavor is not enhanced.

[2024-11-29 14:29:14 #8 type] 
Type Classes.Planta is not enhanced.

[2024-11-29 14:29:14 #9 type] 
Type TipusDePlantes.TipusDePlanta is not enhanced.

[2024-11-29 14:29:14 #10 type] 
Type Classes.ItemInventari is not enhanced.

------------------------------------------------------------------------------------------------------------------------

[2024-11-29 14:30:42 #1 store] 
Database 'C:\Users\joelg\Documents\NetBeansProjects\M06_UF2_PR2_Solucio\db\M06_UF2_PR2.odb' is opened by 23660@JoelCascalló

[2024-11-29 14:30:42 #2 store] 
Configuration path: ?

[2024-11-29 14:30:42 #3 type] 
Type Classes.Partida is not enhanced.

[2024-11-29 14:30:42 #4 type] 
Type Classes.Jardi is not enhanced.

[2024-11-29 14:30:42 #5 type] 
Type Classes.Inventari is not enhanced.

[2024-11-29 14:30:42 #6 type] 
Type Classes.Casella is not enhanced.

[2024-11-29 14:30:42 #7 type] 
Type Classes.Llavor is not enhanced.

[2024-11-29 14:30:42 #8 type] 
Type Classes.Planta is not enhanced.

[2024-11-29 14:30:42 #9 type] 
Type TipusDePlantes.TipusDePlanta is not enhanced.

[2024-11-29 14:30:42 #10 type] 
Type Classes.ItemInventari is not enhanced.

------------------------------------------------------------------------------------------------------------------------

[2024-11-29 14:31:06 #1 store] 
Database 'C:\Users\joelg\Documents\NetBeansProjects\M06_UF2_PR2_Solucio\db\M06_UF2_PR2.odb' is opened by 26684@JoelCascalló

[2024-11-29 14:31:06 #2 store] 
Configuration path: ?

[2024-11-29 14:31:06 #3 type] 
Type Classes.Partida is not enhanced.

[2024-11-29 14:31:06 #4 type] 
Type Classes.Jardi is not enhanced.

[2024-11-29 14:31:06 #5 type] 
Type Classes.Inventari is not enhanced.

[2024-11-29 14:31:06 #6 type] 
Type Classes.Casella is not enhanced.

[2024-11-29 14:31:06 #7 type] 
Type Classes.Llavor is not enhanced.

[2024-11-29 14:31:06 #8 type] 
Type Classes.Planta is not enhanced.

[2024-11-29 14:31:06 #9 type] 
Type TipusDePlantes.TipusDePlanta is not enhanced.

[2024-11-29 14:31:06 #10 type] 
Type Classes.ItemInventari is not enhanced.

------------------------------------------------------------------------------------------------------------------------

[2024-11-29 14:34:38 #1 store] 
Database 'C:\Users\joelg\Documents\NetBeansProjects\M06_UF2_PR2_Solucio\db\M06_UF2_PR2.odb' is opened by 19852@JoelCascalló

[2024-11-29 14:34:38 #2 store] 
Configuration path: ?

[2024-11-29 14:34:38 #3 type] 
Type Classes.Partida is not enhanced.

[2024-11-29 14:34:38 #4 type] 
Type Classes.Jardi is not enhanced.

[2024-11-29 14:34:38 #5 type] 
Type Classes.Inventari is not enhanced.

[2024-11-29 14:34:38 #6 type] 
Type Classes.Casella is not enhanced.

[2024-11-29 14:34:38 #7 type] 
Type Classes.Llavor is not enhanced.

[2024-11-29 14:34:38 #8 type] 
Type Classes.Planta is not enhanced.

[2024-11-29 14:34:38 #9 type] 
Type TipusDePlantes.TipusDePlanta is not enhanced.

[2024-11-29 14:34:38 #10 type] 
Type Classes.ItemInventari is not enhanced.

------------------------------------------------------------------------------------------------------------------------

[2024-11-29 14:36:06 #1 store] 
Database 'C:\Users\joelg\Documents\NetBeansProjects\M06_UF2_PR2_Solucio\db\M06_UF2_PR2.odb' is opened by 11364@JoelCascalló

[2024-11-29 14:36:06 #2 store] 
Configuration path: ?

[2024-11-29 14:36:06 #3 type] 
Type Classes.Partida is not enhanced.

[2024-11-29 14:36:06 #4 type] 
Type Classes.Jardi is not enhanced.

[2024-11-29 14:36:06 #5 type] 
Type Classes.Inventari is not enhanced.

[2024-11-29 14:36:06 #6 type] 
Type Classes.Casella is not enhanced.

[2024-11-29 14:36:06 #7 type] 
Type Classes.Llavor is not enhanced.

[2024-11-29 14:36:06 #8 type] 
Type Classes.Planta is not enhanced.

[2024-11-29 14:36:06 #9 type] 
Type TipusDePlantes.TipusDePlanta is not enhanced.

[2024-11-29 14:36:06 #10 type] 
Type Classes.ItemInventari is not enhanced.

------------------------------------------------------------------------------------------------------------------------

[2024-11-29 15:19:06 #1 store] 
Database 'D:\Usuaris\alum-01\Documents\NetBeansProjects\M06_UF2_PR2_Solucio\db\M06_UF2_PR2.odb' has been recovered (tr. 9-9)

[2024-11-29 15:19:06 #2 store] 
Database 'D:\Usuaris\alum-01\Documents\NetBeansProjects\M06_UF2_PR2_Solucio\db\M06_UF2_PR2.odb' is opened by 15468@A80436681174019

[2024-11-29 15:19:06 #3 store] 
Configuration path: ?

[2024-11-29 15:19:06 #4 type] 
Type Classes.Partida is not enhanced.

[2024-11-29 15:19:06 #5 type] 
Type Classes.Jardi is not enhanced.

[2024-11-29 15:19:06 #6 type] 
Type Classes.Inventari is not enhanced.

[2024-11-29 15:19:06 #7 type] 
Type Classes.Casella is not enhanced.

[2024-11-29 15:19:06 #8 type] 
Type Classes.Llavor is not enhanced.

[2024-11-29 15:19:06 #9 type] 
Type Classes.Planta is not enhanced.

[2024-11-29 15:19:06 #10 type] 
Type TipusDePlantes.TipusDePlanta is not enhanced.

[2024-11-29 15:19:06 #11 type] 
Type Classes.ItemInventari is not enhanced.

------------------------------------------------------------------------------------------------------------------------

[2024-11-29 15:20:26 #1 store] 
Database 'D:\Usuaris\alum-01\Documents\NetBeansProjects\M06_UF2_PR2_Solucio\db\M06_UF2_PR2.odb' has been recovered (tr. 10-10)

[2024-11-29 15:20:26 #2 store] 
Database 'D:\Usuaris\alum-01\Documents\NetBeansProjects\M06_UF2_PR2_Solucio\db\M06_UF2_PR2.odb' is opened by 7848@A80436681174019

[2024-11-29 15:20:26 #3 store] 
Configuration path: ?

[2024-11-29 15:20:26 #4 type] 
Type Classes.Partida is not enhanced.

[2024-11-29 15:20:26 #5 type] 
Type Classes.Jardi is not enhanced.

[2024-11-29 15:20:26 #6 type] 
Type Classes.Inventari is not enhanced.

[2024-11-29 15:20:26 #7 type] 
Type Classes.Casella is not enhanced.

[2024-11-29 15:20:26 #8 type] 
Type Classes.Llavor is not enhanced.

[2024-11-29 15:20:26 #9 type] 
Type Classes.Planta is not enhanced.

[2024-11-29 15:20:26 #10 type] 
Type TipusDePlantes.TipusDePlanta is not enhanced.

[2024-11-29 15:20:26 #11 type] 
Type Classes.ItemInventari is not enhanced.

------------------------------------------------------------------------------------------------------------------------

[2024-11-29 15:21:16 #1 store] 
Database 'D:\Usuaris\alum-01\Documents\NetBeansProjects\M06_UF2_PR2_Solucio\db\M06_UF2_PR2.odb' is opened by 18676@A80436681174019

[2024-11-29 15:21:16 #2 store] 
Configuration path: ?

[2024-11-29 15:21:16 #3 type] 
Type Classes.Partida is not enhanced.

[2024-11-29 15:21:16 #4 type] 
Type Classes.Jardi is not enhanced.

[2024-11-29 15:21:16 #5 type] 
Type Classes.Inventari is not enhanced.

[2024-11-29 15:21:16 #6 type] 
Type Classes.Casella is not enhanced.

[2024-11-29 15:21:16 #7 type] 
Type Classes.Llavor is not enhanced.

[2024-11-29 15:21:16 #8 type] 
Type Classes.Planta is not enhanced.

[2024-11-29 15:21:16 #9 type] 
Type TipusDePlantes.TipusDePlanta is not enhanced.

[2024-11-29 15:21:16 #10 type] 
Type Classes.ItemInventari is not enhanced.

------------------------------------------------------------------------------------------------------------------------

[2024-11-29 15:21:57 #1 store] 
Database 'D:\Usuaris\alum-01\Documents\NetBeansProjects\M06_UF2_PR2_Solucio\db\M06_UF2_PR2.odb' is opened by 12896@A80436681174019

[2024-11-29 15:21:57 #2 store] 
Configuration path: ?

[2024-11-29 15:21:57 #3 type] 
Type Classes.Partida is not enhanced.

[2024-11-29 15:21:57 #4 type] 
Type Classes.Jardi is not enhanced.

[2024-11-29 15:21:57 #5 type] 
Type Classes.Inventari is not enhanced.

[2024-11-29 15:21:57 #6 type] 
Type Classes.Casella is not enhanced.

[2024-11-29 15:21:57 #7 type] 
Type Classes.Llavor is not enhanced.

[2024-11-29 15:21:57 #8 type] 
Type Classes.Planta is not enhanced.

[2024-11-29 15:21:57 #9 type] 
Type TipusDePlantes.TipusDePlanta is not enhanced.

[2024-11-29 15:21:57 #10 type] 
Type Classes.ItemInventari is not enhanced.

[2024-11-29 15:21:57 #11 store] 
Database 'D:\Usuaris\alum-01\Documents\NetBeansProjects\M06_UF2_PR2_Solucio\db\M06_UF2_PR2.odb' is closed by 12896@A80436681174019

------------------------------------------------------------------------------------------------------------------------

[2024-11-29 15:23:58 #1 store] 
Database 'D:\Usuaris\alum-01\Documents\NetBeansProjects\M06_UF2_PR2_Solucio\db\M06_UF2_PR2.odb' is opened by 17416@A80436681174019

[2024-11-29 15:23:58 #2 store] 
Configuration path: ?

[2024-11-29 15:23:58 #3 type] 
Type Classes.Partida is not enhanced.

[2024-11-29 15:23:58 #4 type] 
Type Classes.Jardi is not enhanced.

[2024-11-29 15:23:58 #5 type] 
Type Classes.Inventari is not enhanced.

[2024-11-29 15:23:58 #6 type] 
Type Classes.Casella is not enhanced.

[2024-11-29 15:23:58 #7 type] 
Type Classes.Llavor is not enhanced.

[2024-11-29 15:23:58 #8 type] 
Type Classes.Planta is not enhanced.

[2024-11-29 15:23:58 #9 type] 
Type TipusDePlantes.TipusDePlanta is not enhanced.

[2024-11-29 15:23:58 #10 type] 
Type Classes.ItemInventari is not enhanced.

[2024-11-29 15:23:58 #11 store] 
Database 'D:\Usuaris\alum-01\Documents\NetBeansProjects\M06_UF2_PR2_Solucio\db\M06_UF2_PR2.odb' is closed by 17416@A80436681174019

------------------------------------------------------------------------------------------------------------------------

[2024-11-29 15:24:44 #1 store] 
Database 'D:\Usuaris\alum-01\Documents\NetBeansProjects\M06_UF2_PR2_Solucio\db\M06_UF2_PR2.odb' is opened by 13372@A80436681174019

[2024-11-29 15:24:44 #2 store] 
Configuration path: ?

[2024-11-29 15:24:45 #3 type] 
Type Classes.Partida is not enhanced.

[2024-11-29 15:24:45 #4 type] 
Type Classes.Jardi is not enhanced.

[2024-11-29 15:24:45 #5 type] 
Type Classes.Inventari is not enhanced.

[2024-11-29 15:24:45 #6 type] 
Type Classes.Casella is not enhanced.

[2024-11-29 15:24:45 #7 type] 
Type Classes.Llavor is not enhanced.

[2024-11-29 15:24:45 #8 type] 
Type Classes.Planta is not enhanced.

[2024-11-29 15:24:45 #9 type] 
Type TipusDePlantes.TipusDePlanta is not enhanced.

[2024-11-29 15:24:45 #10 type] 
Type Classes.ItemInventari is not enhanced.

[2024-11-29 15:24:45 #11 store] 
Database 'D:\Usuaris\alum-01\Documents\NetBeansProjects\M06_UF2_PR2_Solucio\db\M06_UF2_PR2.odb' is closed by 13372@A80436681174019

------------------------------------------------------------------------------------------------------------------------

[2024-11-29 15:25:07 #1 store] 
Database 'D:\Usuaris\alum-01\Documents\NetBeansProjects\M06_UF2_PR2_Solucio\db\M06_UF2_PR2.odb' is opened by 20284@A80436681174019

[2024-11-29 15:25:07 #2 store] 
Configuration path: ?

[2024-11-29 15:25:07 #3 type] 
Type Classes.Partida is not enhanced.

[2024-11-29 15:25:07 #4 type] 
Type Classes.Jardi is not enhanced.

[2024-11-29 15:25:07 #5 type] 
Type Classes.Inventari is not enhanced.

[2024-11-29 15:25:07 #6 type] 
Type Classes.Casella is not enhanced.

[2024-11-29 15:25:07 #7 type] 
Type Classes.Llavor is not enhanced.

[2024-11-29 15:25:07 #8 type] 
Type Classes.Planta is not enhanced.

[2024-11-29 15:25:07 #9 type] 
Type TipusDePlantes.TipusDePlanta is not enhanced.

[2024-11-29 15:25:07 #10 type] 
Type Classes.ItemInventari is not enhanced.

[2024-11-29 15:26:08 #11 store] 
Database 'D:\Usuaris\alum-01\Documents\NetBeansProjects\M06_UF2_PR2_Solucio\db\M06_UF2_PR2.odb' is closed by 20284@A80436681174019

------------------------------------------------------------------------------------------------------------------------

[2024-11-29 15:28:34 #1 store] 
Database 'D:\Usuaris\alum-01\Documents\NetBeansProjects\M06_UF2_PR2_Solucio\db\M06_UF2_PR2.odb' is opened by 19136@A80436681174019

[2024-11-29 15:28:34 #2 store] 
Configuration path: ?

[2024-11-29 15:28:34 #3 type] 
Type Classes.Partida is not enhanced.

[2024-11-29 15:28:34 #4 type] 
Type Classes.Jardi is not enhanced.

[2024-11-29 15:28:34 #5 type] 
Type Classes.Inventari is not enhanced.

[2024-11-29 15:28:34 #6 type] 
Type Classes.Casella is not enhanced.

[2024-11-29 15:28:34 #7 type] 
Type Classes.Llavor is not enhanced.

[2024-11-29 15:28:34 #8 type] 
Type Classes.Planta is not enhanced.

[2024-11-29 15:28:34 #9 type] 
Type TipusDePlantes.TipusDePlanta is not enhanced.

[2024-11-29 15:28:34 #10 type] 
Type Classes.ItemInventari is not enhanced.

------------------------------------------------------------------------------------------------------------------------

[2024-11-29 15:29:42 #1 store] 
Database 'D:\Usuaris\alum-01\Documents\NetBeansProjects\M06_UF2_PR2_Solucio\db\M06_UF2_PR2.odb' has been recovered (tr. 13-13)

[2024-11-29 15:29:42 #2 store] 
Database 'D:\Usuaris\alum-01\Documents\NetBeansProjects\M06_UF2_PR2_Solucio\db\M06_UF2_PR2.odb' is opened by 18372@A80436681174019

[2024-11-29 15:29:42 #3 store] 
Configuration path: ?

[2024-11-29 15:29:42 #4 type] 
Type Classes.Partida is not enhanced.

[2024-11-29 15:29:42 #5 type] 
Type Classes.Jardi is not enhanced.

[2024-11-29 15:29:42 #6 type] 
Type Classes.Inventari is not enhanced.

[2024-11-29 15:29:42 #7 type] 
Type Classes.Casella is not enhanced.

[2024-11-29 15:29:42 #8 type] 
Type Classes.Llavor is not enhanced.

[2024-11-29 15:29:42 #9 type] 
Type Classes.Planta is not enhanced.

[2024-11-29 15:29:42 #10 type] 
Type TipusDePlantes.TipusDePlanta is not enhanced.

[2024-11-29 15:29:42 #11 type] 
Type Classes.ItemInventari is not enhanced.

[2024-11-29 15:29:42 #12 type] 
Type TipusDePlantes.PlantaGirasol is not enhanced.

[2024-11-29 15:29:42 #13 store] 
Database 'D:\Usuaris\alum-01\Documents\NetBeansProjects\M06_UF2_PR2_Solucio\db\M06_UF2_PR2.odb' is closed by 18372@A80436681174019

[2024-11-29 15:29:46 #14 store] 
Database 'D:\Usuaris\alum-01\Documents\NetBeansProjects\M06_UF2_PR2_Solucio\db\M06_UF2_PR2.odb' is opened by 18372@A80436681174019

[2024-11-29 15:29:46 #15 store] 
Configuration path: ?

[2024-11-29 15:29:46 #16 store] 
Database 'D:\Usuaris\alum-01\Documents\NetBeansProjects\M06_UF2_PR2_Solucio\db\M06_UF2_PR2.odb' is closed by 18372@A80436681174019

------------------------------------------------------------------------------------------------------------------------

[2024-11-29 15:32:11 #1 store] 
Database 'D:\Usuaris\alum-01\Documents\NetBeansProjects\M06_UF2_PR2_Solucio\db\M06_UF2_PR2.odb' is opened by 19568@A80436681174019

[2024-11-29 15:32:11 #2 store] 
Configuration path: ?

[2024-11-29 15:32:11 #3 type] 
Type Classes.Partida is not enhanced.

[2024-11-29 15:32:11 #4 type] 
Type Classes.Jardi is not enhanced.

[2024-11-29 15:32:11 #5 type] 
Type Classes.Inventari is not enhanced.

[2024-11-29 15:32:11 #6 type] 
Type Classes.Casella is not enhanced.

[2024-11-29 15:32:11 #7 type] 
Type Classes.Llavor is not enhanced.

[2024-11-29 15:32:11 #8 type] 
Type Classes.Planta is not enhanced.

[2024-11-29 15:32:11 #9 type] 
Type TipusDePlantes.TipusDePlanta is not enhanced.

[2024-11-29 15:32:11 #10 type] 
Type Classes.ItemInventari is not enhanced.

[2024-11-29 15:32:11 #11 type] 
Type TipusDePlantes.PlantaGirasol is not enhanced.

[2024-11-29 15:32:11 #12 store] 
Database 'D:\Usuaris\alum-01\Documents\NetBeansProjects\M06_UF2_PR2_Solucio\db\M06_UF2_PR2.odb' is closed by 19568@A80436681174019

[2024-11-29 15:32:13 #13 store] 
Database 'D:\Usuaris\alum-01\Documents\NetBeansProjects\M06_UF2_PR2_Solucio\db\M06_UF2_PR2.odb' is opened by 19568@A80436681174019

[2024-11-29 15:32:13 #14 store] 
Configuration path: ?

[2024-11-29 15:32:13 #15 store] 
Database 'D:\Usuaris\alum-01\Documents\NetBeansProjects\M06_UF2_PR2_Solucio\db\M06_UF2_PR2.odb' is closed by 19568@A80436681174019

------------------------------------------------------------------------------------------------------------------------

[2024-11-29 15:32:46 #1 store] 
Database 'D:\Usuaris\alum-01\Documents\NetBeansProjects\M06_UF2_PR2_Solucio\db\M06_UF2_PR2.odb' is opened by 22924@A80436681174019

[2024-11-29 15:32:46 #2 store] 
Configuration path: ?

[2024-11-29 15:32:46 #3 type] 
Type Classes.Llavor is not enhanced.

[2024-11-29 15:32:46 #4 type] 
Type TipusDePlantes.TipusDePlanta is not enhanced.

[2024-11-29 15:32:46 #5 type] 
Type Classes.ItemInventari is not enhanced.

[2024-11-29 15:32:46 #6 type] 
Type Classes.Inventari is not enhanced.

[2024-11-29 15:32:46 #7 type] 
Type Classes.Casella is not enhanced.

[2024-11-29 15:32:46 #8 type] 
Type Classes.Planta is not enhanced.

[2024-11-29 15:32:46 #9 type] 
Type Classes.Jardi is not enhanced.

[2024-11-29 15:32:46 #10 type] 
Type Classes.Partida is not enhanced.

[2024-11-29 15:32:46 #11 type] 
Type TipusDePlantes.PlantaGirasol is not enhanced.

[2024-11-29 15:32:46 #12 store] 
Database 'D:\Usuaris\alum-01\Documents\NetBeansProjects\M06_UF2_PR2_Solucio\db\M06_UF2_PR2.odb' is closed by 22924@A80436681174019

[2024-11-29 15:33:21 #13 store] 
Database 'D:\Usuaris\alum-01\Documents\NetBeansProjects\M06_UF2_PR2_Solucio\db\M06_UF2_PR2.odb' is opened by 22924@A80436681174019

[2024-11-29 15:33:21 #14 store] 
Configuration path: ?

[2024-11-29 15:33:21 #15 store] 
Database 'D:\Usuaris\alum-01\Documents\NetBeansProjects\M06_UF2_PR2_Solucio\db\M06_UF2_PR2.odb' is closed by 22924@A80436681174019

------------------------------------------------------------------------------------------------------------------------

[2024-11-29 15:33:39 #1 store] 
Database 'D:\Usuaris\alum-01\Documents\NetBeansProjects\M06_UF2_PR2_Solucio\db\M06_UF2_PR2.odb' is opened by 8064@A80436681174019

[2024-11-29 15:33:39 #2 store] 
Configuration path: ?

[2024-11-29 15:33:39 #3 type] 
Type Classes.Llavor is not enhanced.

[2024-11-29 15:33:39 #4 type] 
Type TipusDePlantes.TipusDePlanta is not enhanced.

[2024-11-29 15:33:39 #5 type] 
Type Classes.ItemInventari is not enhanced.

[2024-11-29 15:33:39 #6 type] 
Type Classes.Inventari is not enhanced.

[2024-11-29 15:33:39 #7 type] 
Type Classes.Casella is not enhanced.

[2024-11-29 15:33:39 #8 type] 
Type Classes.Planta is not enhanced.

[2024-11-29 15:33:39 #9 type] 
Type Classes.Jardi is not enhanced.

[2024-11-29 15:33:39 #10 type] 
Type Classes.Partida is not enhanced.

[2024-11-29 15:33:39 #11 type] 
Type TipusDePlantes.PlantaGirasol is not enhanced.

------------------------------------------------------------------------------------------------------------------------

[2024-11-29 15:36:14 #1 store] 
Database 'D:\Usuaris\alum-01\Documents\NetBeansProjects\M06_UF2_PR2_Solucio\db\M06_UF2_PR2.odb' is opened by 22740@A80436681174019

[2024-11-29 15:36:14 #2 store] 
Configuration path: ?

[2024-11-29 15:36:14 #3 type] 
Type Classes.Llavor is not enhanced.

[2024-11-29 15:36:14 #4 type] 
Type TipusDePlantes.TipusDePlanta is not enhanced.

[2024-11-29 15:36:14 #5 type] 
Type Classes.ItemInventari is not enhanced.

[2024-11-29 15:36:14 #6 type] 
Type Classes.Inventari is not enhanced.

[2024-11-29 15:36:14 #7 type] 
Type Classes.Casella is not enhanced.

[2024-11-29 15:36:14 #8 type] 
Type Classes.Planta is not enhanced.

[2024-11-29 15:36:14 #9 type] 
Type Classes.Jardi is not enhanced.

[2024-11-29 15:36:14 #10 type] 
Type Classes.Partida is not enhanced.

[2024-11-29 15:36:14 #11 type] 
Type TipusDePlantes.PlantaGirasol is not enhanced.

[2024-11-29 15:36:14 #12 store] 
Database 'D:\Usuaris\alum-01\Documents\NetBeansProjects\M06_UF2_PR2_Solucio\db\M06_UF2_PR2.odb' is closed by 22740@A80436681174019

[2024-11-29 15:36:19 #13 store] 
Database 'D:\Usuaris\alum-01\Documents\NetBeansProjects\M06_UF2_PR2_Solucio\db\M06_UF2_PR2.odb' is opened by 22740@A80436681174019

[2024-11-29 15:36:19 #14 store] 
Configuration path: ?

[2024-11-29 15:36:19 #15 store] 
Database 'D:\Usuaris\alum-01\Documents\NetBeansProjects\M06_UF2_PR2_Solucio\db\M06_UF2_PR2.odb' is closed by 22740@A80436681174019

------------------------------------------------------------------------------------------------------------------------

[2024-11-29 15:38:09 #1 store] 
Database 'D:\Usuaris\alum-01\Documents\NetBeansProjects\M06_UF2_PR2_Solucio\db\M06_UF2_PR2.odb' is opened by 17812@A80436681174019

[2024-11-29 15:38:09 #2 store] 
Configuration path: ?

[2024-11-29 15:38:09 #3 type] 
Type Classes.Llavor is not enhanced.

[2024-11-29 15:38:09 #4 type] 
Type TipusDePlantes.TipusDePlanta is not enhanced.

[2024-11-29 15:38:09 #5 type] 
Type Classes.ItemInventari is not enhanced.

[2024-11-29 15:38:09 #6 type] 
Type Classes.Inventari is not enhanced.

[2024-11-29 15:38:09 #7 type] 
Type Classes.Casella is not enhanced.

[2024-11-29 15:38:09 #8 type] 
Type Classes.Planta is not enhanced.

[2024-11-29 15:38:09 #9 type] 
Type Classes.Jardi is not enhanced.

[2024-11-29 15:38:09 #10 type] 
Type Classes.Partida is not enhanced.

[2024-11-29 15:38:09 #11 type] 
Type TipusDePlantes.PlantaGirasol is not enhanced.

[2024-11-29 15:38:09 #12 store] 
Database 'D:\Usuaris\alum-01\Documents\NetBeansProjects\M06_UF2_PR2_Solucio\db\M06_UF2_PR2.odb' is closed by 17812@A80436681174019

------------------------------------------------------------------------------------------------------------------------

[2024-11-29 15:39:02 #1 store] 
Database 'D:\Usuaris\alum-01\Documents\NetBeansProjects\M06_UF2_PR2_Solucio\db\M06_UF2_PR2.odb' is opened by 17296@A80436681174019

[2024-11-29 15:39:02 #2 store] 
Configuration path: ?

[2024-11-29 15:39:02 #3 type] 
Type Classes.Llavor is not enhanced.

[2024-11-29 15:39:02 #4 type] 
Type TipusDePlantes.TipusDePlanta is not enhanced.

[2024-11-29 15:39:02 #5 type] 
Type Classes.ItemInventari is not enhanced.

[2024-11-29 15:39:02 #6 type] 
Type Classes.Inventari is not enhanced.

[2024-11-29 15:39:02 #7 type] 
Type Classes.Casella is not enhanced.

[2024-11-29 15:39:02 #8 type] 
Type Classes.Planta is not enhanced.

[2024-11-29 15:39:02 #9 type] 
Type Classes.Jardi is not enhanced.

[2024-11-29 15:39:02 #10 type] 
Type Classes.Partida is not enhanced.

[2024-11-29 15:39:02 #11 type] 
Type TipusDePlantes.PlantaGirasol is not enhanced.

[2024-11-29 15:39:02 #12 store] 
Database 'D:\Usuaris\alum-01\Documents\NetBeansProjects\M06_UF2_PR2_Solucio\db\M06_UF2_PR2.odb' is closed by 17296@A80436681174019

------------------------------------------------------------------------------------------------------------------------

[2024-11-29 15:40:54 #1 store] 
Database 'D:\Usuaris\alum-01\Documents\NetBeansProjects\M06_UF2_PR2_Solucio\db\M06_UF2_PR2.odb' is opened by 1152@A80436681174019

[2024-11-29 15:40:54 #2 store] 
Configuration path: ?

[2024-11-29 15:40:54 #3 type] 
Type Classes.Llavor is not enhanced.

[2024-11-29 15:40:54 #4 type] 
Type TipusDePlantes.TipusDePlanta is not enhanced.

[2024-11-29 15:40:54 #5 type] 
Type Classes.ItemInventari is not enhanced.

[2024-11-29 15:40:54 #6 type] 
Type Classes.Inventari is not enhanced.

[2024-11-29 15:40:54 #7 type] 
Type Classes.Casella is not enhanced.

[2024-11-29 15:40:54 #8 type] 
Type Classes.Planta is not enhanced.

[2024-11-29 15:40:54 #9 type] 
Type Classes.Jardi is not enhanced.

[2024-11-29 15:40:54 #10 type] 
Type Classes.Partida is not enhanced.

[2024-11-29 15:40:54 #11 type] 
Type TipusDePlantes.PlantaGirasol is not enhanced.

[2024-11-29 15:40:54 #12 store] 
Database 'D:\Usuaris\alum-01\Documents\NetBeansProjects\M06_UF2_PR2_Solucio\db\M06_UF2_PR2.odb' is closed by 1152@A80436681174019

------------------------------------------------------------------------------------------------------------------------

[2024-11-29 15:43:16 #1 store] 
Database 'D:\Usuaris\alum-01\Documents\NetBeansProjects\M06_UF2_PR2_Solucio\db\M06_UF2_PR2.odb' is opened by 12696@A80436681174019

[2024-11-29 15:43:16 #2 store] 
Configuration path: ?

[2024-11-29 15:43:16 #3 type] 
Type Classes.Llavor is not enhanced.

[2024-11-29 15:43:16 #4 type] 
Type TipusDePlantes.TipusDePlanta is not enhanced.

[2024-11-29 15:43:16 #5 type] 
Type Classes.ItemInventari is not enhanced.

[2024-11-29 15:43:16 #6 type] 
Type Classes.Inventari is not enhanced.

[2024-11-29 15:43:16 #7 type] 
Type TipusDePlantes.PlantaGirasol is not enhanced.

[2024-11-29 15:43:16 #8 type] 
Type Classes.Planta is not enhanced.

[2024-11-29 15:43:16 #9 type] 
Type Classes.Casella is not enhanced.

[2024-11-29 15:43:16 #10 type] 
Type Classes.Jardi is not enhanced.

[2024-11-29 15:43:16 #11 type] 
Type Classes.Partida is not enhanced.

[2024-11-29 15:43:16 #12 store] 
Database 'D:\Usuaris\alum-01\Documents\NetBeansProjects\M06_UF2_PR2_Solucio\db\M06_UF2_PR2.odb' is closed by 12696@A80436681174019

[2024-11-29 15:43:18 #13 store] 
Database 'D:\Usuaris\alum-01\Documents\NetBeansProjects\M06_UF2_PR2_Solucio\db\M06_UF2_PR2.odb' is opened by 12696@A80436681174019

[2024-11-29 15:43:18 #14 store] 
Configuration path: ?

[2024-11-29 15:43:18 #15 store] 
Database 'D:\Usuaris\alum-01\Documents\NetBeansProjects\M06_UF2_PR2_Solucio\db\M06_UF2_PR2.odb' is closed by 12696@A80436681174019

[2024-11-29 15:43:29 #16 store] 
Database 'D:\Usuaris\alum-01\Documents\NetBeansProjects\M06_UF2_PR2_Solucio\db\M06_UF2_PR2.odb' is opened by 12696@A80436681174019

[2024-11-29 15:43:29 #17 store] 
Configuration path: ?

[2024-11-29 15:43:29 #18 type] 
Type TipusDePlantes.PlantaTrebolDeLaSort is not enhanced.

------------------------------------------------------------------------------------------------------------------------

[2024-11-29 15:57:08 #1 store] 
Database 'D:\Usuaris\alum-01\Documents\NetBeansProjects\M06_UF2_PR2_Solucio\db\M06_UF2_PR2.odb' has been recovered (tr. 12-12)

[2024-11-29 15:57:08 #2 store] 
Database 'D:\Usuaris\alum-01\Documents\NetBeansProjects\M06_UF2_PR2_Solucio\db\M06_UF2_PR2.odb' is opened by 21520@A80436681174019

[2024-11-29 15:57:08 #3 store] 
Configuration path: ?

[2024-11-29 15:57:08 #4 type] 
Type Classes.Llavor is not enhanced.

[2024-11-29 15:57:08 #5 type] 
Type TipusDePlantes.TipusDePlanta is not enhanced.

[2024-11-29 15:57:08 #6 type] 
Type Classes.ItemInventari is not enhanced.

[2024-11-29 15:57:08 #7 type] 
Type Classes.Inventari is not enhanced.

[2024-11-29 15:57:08 #8 type] 
Type TipusDePlantes.PlantaGirasol is not enhanced.

[2024-11-29 15:57:08 #9 type] 
Type Classes.Planta is not enhanced.

[2024-11-29 15:57:08 #10 type] 
Type Classes.Casella is not enhanced.

[2024-11-29 15:57:08 #11 type] 
Type Classes.Jardi is not enhanced.

[2024-11-29 15:57:08 #12 type] 
Type Classes.Partida is not enhanced.

[2024-11-29 15:57:08 #13 type] 
Type TipusDePlantes.PlantaTrebolDeLaSort is not enhanced.

[2024-11-29 15:57:08 #14 store] 
Database 'D:\Usuaris\alum-01\Documents\NetBeansProjects\M06_UF2_PR2_Solucio\db\M06_UF2_PR2.odb' is closed by 21520@A80436681174019

[2024-11-29 15:57:10 #15 store] 
Database 'D:\Usuaris\alum-01\Documents\NetBeansProjects\M06_UF2_PR2_Solucio\db\M06_UF2_PR2.odb' is opened by 21520@A80436681174019

[2024-11-29 15:57:10 #16 store] 
Configuration path: ?

[2024-11-29 15:57:10 #17 store] 
Database 'D:\Usuaris\alum-01\Documents\NetBeansProjects\M06_UF2_PR2_Solucio\db\M06_UF2_PR2.odb' is closed by 21520@A80436681174019

[2024-11-29 15:57:36 #18 store] 
Database 'D:\Usuaris\alum-01\Documents\NetBeansProjects\M06_UF2_PR2_Solucio\db\M06_UF2_PR2.odb' is opened by 21520@A80436681174019

[2024-11-29 15:57:36 #19 store] 
Configuration path: ?

------------------------------------------------------------------------------------------------------------------------

[2024-11-29 16:02:20 #1 store] 
Database 'D:\Usuaris\alum-01\Documents\NetBeansProjects\M06_UF2_PR2_Solucio\db\M06_UF2_PR2.odb' is opened by 7464@A80436681174019

[2024-11-29 16:02:20 #2 store] 
Configuration path: ?

[2024-11-29 16:02:20 #3 type] 
Type Classes.Llavor is not enhanced.

[2024-11-29 16:02:20 #4 type] 
Type TipusDePlantes.TipusDePlanta is not enhanced.

[2024-11-29 16:02:20 #5 type] 
Type Classes.ItemInventari is not enhanced.

[2024-11-29 16:02:20 #6 type] 
Type Classes.Inventari is not enhanced.

[2024-11-29 16:02:20 #7 type] 
Type Classes.Casella is not enhanced.

[2024-11-29 16:02:20 #8 type] 
Type Classes.Planta is not enhanced.

[2024-11-29 16:02:20 #9 type] 
Type Classes.Jardi is not enhanced.

[2024-11-29 16:02:20 #10 type] 
Type Classes.Partida is not enhanced.

[2024-11-29 16:02:20 #11 type] 
Type TipusDePlantes.PlantaGirasol is not enhanced.

[2024-11-29 16:02:20 #12 type] 
Type TipusDePlantes.PlantaTrebolDeLaSort is not enhanced.

[2024-11-29 16:02:20 #13 store] 
Database 'D:\Usuaris\alum-01\Documents\NetBeansProjects\M06_UF2_PR2_Solucio\db\M06_UF2_PR2.odb' is closed by 7464@A80436681174019

[2024-11-29 16:02:22 #14 store] 
Database 'D:\Usuaris\alum-01\Documents\NetBeansProjects\M06_UF2_PR2_Solucio\db\M06_UF2_PR2.odb' is opened by 7464@A80436681174019

[2024-11-29 16:02:22 #15 store] 
Configuration path: ?

[2024-11-29 16:02:22 #16 store] 
Database 'D:\Usuaris\alum-01\Documents\NetBeansProjects\M06_UF2_PR2_Solucio\db\M06_UF2_PR2.odb' is closed by 7464@A80436681174019

[2024-11-29 16:02:30 #17 store] 
Database 'D:\Usuaris\alum-01\Documents\NetBeansProjects\M06_UF2_PR2_Solucio\db\M06_UF2_PR2.odb' is opened by 7464@A80436681174019

[2024-11-29 16:02:30 #18 store] 
Configuration path: ?

------------------------------------------------------------------------------------------------------------------------

[2024-11-29 16:36:05 #1 store] 
Database 'D:\Usuaris\alum-01\Documents\NetBeansProjects\M06_UF2_PR2_Solucio\db\M06_UF2_PR2.odb' is opened by 1416@A80436681174019

[2024-11-29 16:36:05 #2 store] 
Configuration path: ?

[2024-11-29 16:36:05 #3 type] 
Type Classes.Llavor is not enhanced.

[2024-11-29 16:36:05 #4 type] 
Type TipusDePlantes.TipusDePlanta is not enhanced.

[2024-11-29 16:36:05 #5 type] 
Type Classes.ItemInventari is not enhanced.

[2024-11-29 16:36:05 #6 type] 
Type Classes.Inventari is not enhanced.

[2024-11-29 16:36:05 #7 type] 
Type Classes.Casella is not enhanced.

[2024-11-29 16:36:05 #8 type] 
Type Classes.Planta is not enhanced.

[2024-11-29 16:36:05 #9 type] 
Type Classes.Jardi is not enhanced.

[2024-11-29 16:36:05 #10 type] 
Type Classes.Partida is not enhanced.

[2024-11-29 16:36:05 #11 type] 
Type TipusDePlantes.PlantaGirasol is not enhanced.

[2024-11-29 16:36:05 #12 store] 
Database 'D:\Usuaris\alum-01\Documents\NetBeansProjects\M06_UF2_PR2_Solucio\db\M06_UF2_PR2.odb' is closed by 1416@A80436681174019

[2024-11-29 16:36:07 #13 store] 
Database 'D:\Usuaris\alum-01\Documents\NetBeansProjects\M06_UF2_PR2_Solucio\db\M06_UF2_PR2.odb' is opened by 1416@A80436681174019

[2024-11-29 16:36:07 #14 store] 
Configuration path: ?

[2024-11-29 16:36:07 #15 store] 
Database 'D:\Usuaris\alum-01\Documents\NetBeansProjects\M06_UF2_PR2_Solucio\db\M06_UF2_PR2.odb' is closed by 1416@A80436681174019

[2024-11-29 16:36:29 #16 store] 
Database 'D:\Usuaris\alum-01\Documents\NetBeansProjects\M06_UF2_PR2_Solucio\db\M06_UF2_PR2.odb' is opened by 1416@A80436681174019

[2024-11-29 16:36:29 #17 store] 
Configuration path: ?

------------------------------------------------------------------------------------------------------------------------

[2024-11-29 16:38:07 #1 store] 
Database 'D:\Usuaris\alum-01\Documents\NetBeansProjects\M06_UF2_PR2_Solucio\db\M06_UF2_PR2.odb' is opened by 1032@A80436681174019

[2024-11-29 16:38:07 #2 store] 
Configuration path: ?

[2024-11-29 16:38:07 #3 type] 
Type Classes.Llavor is not enhanced.

[2024-11-29 16:38:07 #4 type] 
Type TipusDePlantes.TipusDePlanta is not enhanced.

[2024-11-29 16:38:07 #5 type] 
Type Classes.ItemInventari is not enhanced.

[2024-11-29 16:38:07 #6 type] 
Type Classes.Inventari is not enhanced.

[2024-11-29 16:38:07 #7 type] 
Type Classes.Casella is not enhanced.

[2024-11-29 16:38:07 #8 type] 
Type Classes.Planta is not enhanced.

[2024-11-29 16:38:07 #9 type] 
Type Classes.Jardi is not enhanced.

[2024-11-29 16:38:07 #10 type] 
Type Classes.Partida is not enhanced.

[2024-11-29 16:38:07 #11 type] 
Type TipusDePlantes.PlantaGirasol is not enhanced.

[2024-11-29 16:38:07 #12 type] 
Type TipusDePlantes.PlantaTrebolDeLaSort is not enhanced.

[2024-11-29 16:38:07 #13 store] 
Database 'D:\Usuaris\alum-01\Documents\NetBeansProjects\M06_UF2_PR2_Solucio\db\M06_UF2_PR2.odb' is closed by 1032@A80436681174019

[2024-11-29 16:38:08 #14 store] 
Database 'D:\Usuaris\alum-01\Documents\NetBeansProjects\M06_UF2_PR2_Solucio\db\M06_UF2_PR2.odb' is opened by 1032@A80436681174019

[2024-11-29 16:38:08 #15 store] 
Configuration path: ?

[2024-11-29 16:38:08 #16 store] 
Database 'D:\Usuaris\alum-01\Documents\NetBeansProjects\M06_UF2_PR2_Solucio\db\M06_UF2_PR2.odb' is closed by 1032@A80436681174019

[2024-11-29 16:38:36 #17 store] 
Database 'D:\Usuaris\alum-01\Documents\NetBeansProjects\M06_UF2_PR2_Solucio\db\M06_UF2_PR2.odb' is opened by 1032@A80436681174019

[2024-11-29 16:38:36 #18 store] 
Configuration path: ?

------------------------------------------------------------------------------------------------------------------------

[2024-11-29 16:41:24 #1 store] 
Database 'D:\Usuaris\alum-01\Documents\NetBeansProjects\M06_UF2_PR2_Solucio\db\M06_UF2_PR2.odb' is opened by 12752@A80436681174019

[2024-11-29 16:41:24 #2 store] 
Configuration path: ?

[2024-11-29 16:41:24 #3 type] 
Type Classes.Llavor is not enhanced.

[2024-11-29 16:41:24 #4 type] 
Type TipusDePlantes.TipusDePlanta is not enhanced.

[2024-11-29 16:41:24 #5 type] 
Type Classes.ItemInventari is not enhanced.

[2024-11-29 16:41:24 #6 type] 
Type Classes.Inventari is not enhanced.

[2024-11-29 16:41:24 #7 type] 
Type Classes.Casella is not enhanced.

[2024-11-29 16:41:24 #8 type] 
Type Classes.Planta is not enhanced.

[2024-11-29 16:41:24 #9 type] 
Type Classes.Jardi is not enhanced.

[2024-11-29 16:41:24 #10 type] 
Type Classes.Partida is not enhanced.

[2024-11-29 16:41:24 #11 type] 
Type TipusDePlantes.PlantaGirasol is not enhanced.

[2024-11-29 16:41:24 #12 type] 
Type TipusDePlantes.PlantaTrebolDeLaSort is not enhanced.

[2024-11-29 16:41:24 #13 store] 
Database 'D:\Usuaris\alum-01\Documents\NetBeansProjects\M06_UF2_PR2_Solucio\db\M06_UF2_PR2.odb' is closed by 12752@A80436681174019

[2024-11-29 16:41:26 #14 store] 
Database 'D:\Usuaris\alum-01\Documents\NetBeansProjects\M06_UF2_PR2_Solucio\db\M06_UF2_PR2.odb' is opened by 12752@A80436681174019

[2024-11-29 16:41:26 #15 store] 
Configuration path: ?

[2024-11-29 16:41:26 #16 store] 
Database 'D:\Usuaris\alum-01\Documents\NetBeansProjects\M06_UF2_PR2_Solucio\db\M06_UF2_PR2.odb' is closed by 12752@A80436681174019

------------------------------------------------------------------------------------------------------------------------

[2024-11-29 16:42:44 #1 store] 
Database 'D:\Usuaris\alum-01\Documents\NetBeansProjects\M06_UF2_PR2_Solucio\db\M06_UF2_PR2.odb' is opened by 12940@A80436681174019

[2024-11-29 16:42:44 #2 store] 
Configuration path: ?

[2024-11-29 16:42:45 #3 type] 
Type Classes.Llavor is not enhanced.

[2024-11-29 16:42:45 #4 type] 
Type TipusDePlantes.TipusDePlanta is not enhanced.

[2024-11-29 16:42:45 #5 type] 
Type Classes.ItemInventari is not enhanced.

[2024-11-29 16:42:45 #6 type] 
Type Classes.Inventari is not enhanced.

[2024-11-29 16:42:45 #7 type] 
Type Classes.Jardi is not enhanced.

[2024-11-29 16:42:45 #8 type] 
Type Classes.Casella is not enhanced.

[2024-11-29 16:42:45 #9 type] 
Type Classes.Planta is not enhanced.

[2024-11-29 16:42:45 #10 type] 
Type Classes.Partida is not enhanced.

[2024-11-29 16:42:45 #11 type] 
Type TipusDePlantes.PlantaGirasol is not enhanced.

[2024-11-29 16:42:45 #12 store] 
Database 'D:\Usuaris\alum-01\Documents\NetBeansProjects\M06_UF2_PR2_Solucio\db\M06_UF2_PR2.odb' is closed by 12940@A80436681174019

[2024-11-29 16:42:46 #13 store] 
Database 'D:\Usuaris\alum-01\Documents\NetBeansProjects\M06_UF2_PR2_Solucio\db\M06_UF2_PR2.odb' is opened by 12940@A80436681174019

[2024-11-29 16:42:46 #14 store] 
Configuration path: ?

[2024-11-29 16:42:46 #15 store] 
Database 'D:\Usuaris\alum-01\Documents\NetBeansProjects\M06_UF2_PR2_Solucio\db\M06_UF2_PR2.odb' is closed by 12940@A80436681174019

[2024-11-29 16:42:54 #16 store] 
Database 'D:\Usuaris\alum-01\Documents\NetBeansProjects\M06_UF2_PR2_Solucio\db\M06_UF2_PR2.odb' is opened by 12940@A80436681174019

[2024-11-29 16:42:54 #17 store] 
Configuration path: ?

[2024-11-29 16:42:54 #18 store] 
Database 'D:\Usuaris\alum-01\Documents\NetBeansProjects\M06_UF2_PR2_Solucio\db\M06_UF2_PR2.odb' is closed by 12940@A80436681174019

[2024-11-29 16:42:57 #19 store] 
Database 'D:\Usuaris\alum-01\Documents\NetBeansProjects\M06_UF2_PR2_Solucio\db\M06_UF2_PR2.odb' is opened by 12940@A80436681174019

[2024-11-29 16:42:57 #20 store] 
Configuration path: ?

[2024-11-29 16:42:57 #21 store] 
Database 'D:\Usuaris\alum-01\Documents\NetBeansProjects\M06_UF2_PR2_Solucio\db\M06_UF2_PR2.odb' is closed by 12940@A80436681174019

[2024-11-29 16:43:09 #22 store] 
Database 'D:\Usuaris\alum-01\Documents\NetBeansProjects\M06_UF2_PR2_Solucio\db\M06_UF2_PR2.odb' is opened by 12940@A80436681174019

[2024-11-29 16:43:09 #23 store] 
Configuration path: ?

[2024-11-29 16:43:09 #24 store] 
Database 'D:\Usuaris\alum-01\Documents\NetBeansProjects\M06_UF2_PR2_Solucio\db\M06_UF2_PR2.odb' is closed by 12940@A80436681174019

[2024-11-29 16:43:10 #25 store] 
Database 'D:\Usuaris\alum-01\Documents\NetBeansProjects\M06_UF2_PR2_Solucio\db\M06_UF2_PR2.odb' is opened by 12940@A80436681174019

[2024-11-29 16:43:10 #26 store] 
Configuration path: ?

[2024-11-29 16:43:10 #27 store] 
Database 'D:\Usuaris\alum-01\Documents\NetBeansProjects\M06_UF2_PR2_Solucio\db\M06_UF2_PR2.odb' is closed by 12940@A80436681174019

[2024-11-29 16:43:15 #28 store] 
Database 'D:\Usuaris\alum-01\Documents\NetBeansProjects\M06_UF2_PR2_Solucio\db\M06_UF2_PR2.odb' is opened by 12940@A80436681174019

[2024-11-29 16:43:15 #29 store] 
Configuration path: ?

------------------------------------------------------------------------------------------------------------------------

[2024-11-29 16:52:25 #1 store] 
Database 'D:\Usuaris\alum-01\Documents\NetBeansProjects\M06_UF2_PR2_Solucio\db\M06_UF2_PR2.odb' is opened by 23336@A80436681174019

[2024-11-29 16:52:25 #2 store] 
Configuration path: ?

[2024-11-29 16:52:25 #3 type] 
Type Classes.Llavor is not enhanced.

[2024-11-29 16:52:25 #4 type] 
Type TipusDePlantes.TipusDePlanta is not enhanced.

[2024-11-29 16:52:25 #5 type] 
Type Classes.ItemInventari is not enhanced.

[2024-11-29 16:52:25 #6 type] 
Type Classes.Inventari is not enhanced.

[2024-11-29 16:52:25 #7 type] 
Type Classes.Casella is not enhanced.

[2024-11-29 16:52:25 #8 type] 
Type Classes.Planta is not enhanced.

[2024-11-29 16:52:25 #9 type] 
Type Classes.Jardi is not enhanced.

[2024-11-29 16:52:25 #10 type] 
Type Classes.Partida is not enhanced.

[2024-11-29 16:52:25 #11 type] 
Type TipusDePlantes.PlantaGirasol is not enhanced.

[2024-11-29 16:52:25 #12 type] 
Type TipusDePlantes.PlantaTrebolDeLaSort is not enhanced.

[2024-11-29 16:52:25 #13 store] 
Database 'D:\Usuaris\alum-01\Documents\NetBeansProjects\M06_UF2_PR2_Solucio\db\M06_UF2_PR2.odb' is closed by 23336@A80436681174019

[2024-11-29 16:52:26 #14 store] 
Database 'D:\Usuaris\alum-01\Documents\NetBeansProjects\M06_UF2_PR2_Solucio\db\M06_UF2_PR2.odb' is opened by 23336@A80436681174019

[2024-11-29 16:52:26 #15 store] 
Configuration path: ?

[2024-11-29 16:52:26 #16 store] 
Database 'D:\Usuaris\alum-01\Documents\NetBeansProjects\M06_UF2_PR2_Solucio\db\M06_UF2_PR2.odb' is closed by 23336@A80436681174019

[2024-11-29 16:52:43 #17 store] 
Database 'D:\Usuaris\alum-01\Documents\NetBeansProjects\M06_UF2_PR2_Solucio\db\M06_UF2_PR2.odb' is opened by 23336@A80436681174019

[2024-11-29 16:52:43 #18 store] 
Configuration path: ?

------------------------------------------------------------------------------------------------------------------------

[2024-11-29 16:58:57 #1 store] 
Database 'D:\Usuaris\alum-01\Documents\NetBeansProjects\M06_UF2_PR2_Solucio\db\M06_UF2_PR2.odb' is opened by 12540@A80436681174019

[2024-11-29 16:58:57 #2 store] 
Configuration path: ?

[2024-11-29 16:58:57 #3 type] 
Type Classes.Llavor is not enhanced.

[2024-11-29 16:58:57 #4 type] 
Type TipusDePlantes.TipusDePlanta is not enhanced.

[2024-11-29 16:58:57 #5 type] 
Type Classes.ItemInventari is not enhanced.

[2024-11-29 16:58:57 #6 type] 
Type Classes.Inventari is not enhanced.

[2024-11-29 16:58:57 #7 type] 
Type Classes.Casella is not enhanced.

[2024-11-29 16:58:57 #8 type] 
Type Classes.Planta is not enhanced.

[2024-11-29 16:58:57 #9 type] 
Type Classes.Jardi is not enhanced.

[2024-11-29 16:58:57 #10 type] 
Type Classes.Partida is not enhanced.

[2024-11-29 16:58:57 #11 type] 
Type TipusDePlantes.PlantaGirasol is not enhanced.

------------------------------------------------------------------------------------------------------------------------

[2024-11-29 17:21:17 #1 store] 
Database 'D:\Usuaris\alum-01\Documents\NetBeansProjects\M06_UF2_PR2_Solucio\db\M06_UF2_PR2.odb' is opened by 21012@A80436681174019

[2024-11-29 17:21:17 #2 store] 
Configuration path: ?

[2024-11-29 17:21:17 #3 type] 
Type Classes.Llavor is not enhanced.

[2024-11-29 17:21:17 #4 type] 
Type TipusDePlantes.TipusDePlanta is not enhanced.

[2024-11-29 17:21:17 #5 type] 
Type Classes.ItemInventari is not enhanced.

[2024-11-29 17:21:17 #6 type] 
Type Classes.Inventari is not enhanced.

[2024-11-29 17:21:17 #7 type] 
Type Classes.Casella is not enhanced.

[2024-11-29 17:21:17 #8 type] 
Type Classes.Planta is not enhanced.

[2024-11-29 17:21:17 #9 type] 
Type Classes.Jardi is not enhanced.

[2024-11-29 17:21:17 #10 type] 
Type Classes.Partida is not enhanced.

[2024-11-29 17:21:17 #11 type] 
Type TipusDePlantes.PlantaGirasol is not enhanced.

------------------------------------------------------------------------------------------------------------------------

[2024-11-29 17:23:31 #1 store] 
Database 'D:\Usuaris\alum-01\Documents\NetBeansProjects\M06_UF2_PR2_Solucio\db\M06_UF2_PR2.odb' is opened by 19764@A80436681174019

[2024-11-29 17:23:31 #2 store] 
Configuration path: ?

[2024-11-29 17:23:31 #3 type] 
Type Classes.Llavor is not enhanced.

[2024-11-29 17:23:31 #4 type] 
Type TipusDePlantes.TipusDePlanta is not enhanced.

[2024-11-29 17:23:31 #5 type] 
Type Classes.ItemInventari is not enhanced.

[2024-11-29 17:23:31 #6 type] 
Type Classes.Inventari is not enhanced.

[2024-11-29 17:23:31 #7 type] 
Type Classes.Casella is not enhanced.

[2024-11-29 17:23:31 #8 type] 
Type Classes.Planta is not enhanced.

[2024-11-29 17:23:31 #9 type] 
Type Classes.Jardi is not enhanced.

[2024-11-29 17:23:31 #10 type] 
Type Classes.Partida is not enhanced.

[2024-11-29 17:23:31 #11 type] 
Type TipusDePlantes.PlantaGirasol is not enhanced.

------------------------------------------------------------------------------------------------------------------------

[2024-11-29 17:25:13 #1 store] 
Database 'D:\Usuaris\alum-01\Documents\NetBeansProjects\M06_UF2_PR2_Solucio\db\M06_UF2_PR2.odb' is opened by 5916@A80436681174019

[2024-11-29 17:25:13 #2 store] 
Configuration path: ?

[2024-11-29 17:25:14 #3 type] 
Type Classes.Llavor is not enhanced.

[2024-11-29 17:25:14 #4 type] 
Type TipusDePlantes.TipusDePlanta is not enhanced.

[2024-11-29 17:25:14 #5 type] 
Type Classes.ItemInventari is not enhanced.

[2024-11-29 17:25:14 #6 type] 
Type Classes.Inventari is not enhanced.

[2024-11-29 17:25:14 #7 type] 
Type Classes.Casella is not enhanced.

[2024-11-29 17:25:14 #8 type] 
Type Classes.Planta is not enhanced.

[2024-11-29 17:25:14 #9 type] 
Type Classes.Jardi is not enhanced.

[2024-11-29 17:25:14 #10 type] 
Type Classes.Partida is not enhanced.

[2024-11-29 17:25:14 #11 type] 
Type TipusDePlantes.PlantaGirasol is not enhanced.

------------------------------------------------------------------------------------------------------------------------

[2024-11-29 17:26:05 #1 store] 
Database 'D:\Usuaris\alum-01\Documents\NetBeansProjects\M06_UF2_PR2_Solucio\db\M06_UF2_PR2.odb' is opened by 12652@A80436681174019

[2024-11-29 17:26:05 #2 store] 
Configuration path: ?

[2024-11-29 17:26:05 #3 type] 
Type Classes.Llavor is not enhanced.

[2024-11-29 17:26:05 #4 type] 
Type TipusDePlantes.TipusDePlanta is not enhanced.

[2024-11-29 17:26:05 #5 type] 
Type Classes.ItemInventari is not enhanced.

[2024-11-29 17:26:05 #6 type] 
Type Classes.Inventari is not enhanced.

[2024-11-29 17:26:05 #7 type] 
Type Classes.Casella is not enhanced.

[2024-11-29 17:26:05 #8 type] 
Type Classes.Planta is not enhanced.

[2024-11-29 17:26:05 #9 type] 
Type Classes.Jardi is not enhanced.

[2024-11-29 17:26:05 #10 type] 
Type Classes.Partida is not enhanced.

[2024-11-29 17:26:05 #11 type] 
Type TipusDePlantes.PlantaGirasol is not enhanced.

------------------------------------------------------------------------------------------------------------------------

[2024-11-29 17:32:17 #1 store] 
Database 'D:\Usuaris\alum-01\Documents\NetBeansProjects\M06_UF2_PR2_Solucio\db\M06_UF2_PR2.odb' is opened by 16164@A80436681174019

[2024-11-29 17:32:17 #2 store] 
Configuration path: ?

[2024-11-29 17:32:17 #3 type] 
Type Classes.Llavor is not enhanced.

[2024-11-29 17:32:17 #4 type] 
Type TipusDePlantes.TipusDePlanta is not enhanced.

[2024-11-29 17:32:17 #5 type] 
Type Classes.ItemInventari is not enhanced.

[2024-11-29 17:32:17 #6 type] 
Type Classes.Inventari is not enhanced.

[2024-11-29 17:32:17 #7 type] 
Type Classes.Casella is not enhanced.

[2024-11-29 17:32:17 #8 type] 
Type Classes.Planta is not enhanced.

[2024-11-29 17:32:17 #9 type] 
Type Classes.Jardi is not enhanced.

[2024-11-29 17:32:17 #10 type] 
Type Classes.Partida is not enhanced.

[2024-11-29 17:32:17 #11 type] 
Type TipusDePlantes.PlantaGirasol is not enhanced.

[2024-11-29 17:32:17 #12 type] 
Type TipusDePlantes.PlantaTrebolDeLaSort is not enhanced.

[2024-11-29 17:32:17 #13 store] 
Database 'D:\Usuaris\alum-01\Documents\NetBeansProjects\M06_UF2_PR2_Solucio\db\M06_UF2_PR2.odb' is closed by 16164@A80436681174019

[2024-11-29 17:32:26 #14 store] 
Database 'D:\Usuaris\alum-01\Documents\NetBeansProjects\M06_UF2_PR2_Solucio\db\M06_UF2_PR2.odb' is opened by 16164@A80436681174019

[2024-11-29 17:32:26 #15 store] 
Configuration path: ?

[2024-11-29 17:32:26 #16 store] 
Database 'D:\Usuaris\alum-01\Documents\NetBeansProjects\M06_UF2_PR2_Solucio\db\M06_UF2_PR2.odb' is closed by 16164@A80436681174019

[2024-11-29 17:32:41 #17 store] 
Database 'D:\Usuaris\alum-01\Documents\NetBeansProjects\M06_UF2_PR2_Solucio\db\M06_UF2_PR2.odb' is opened by 16164@A80436681174019

[2024-11-29 17:32:41 #18 store] 
Configuration path: ?

[2024-11-29 17:32:41 #19 store] 
Database 'D:\Usuaris\alum-01\Documents\NetBeansProjects\M06_UF2_PR2_Solucio\db\M06_UF2_PR2.odb' is closed by 16164@A80436681174019

[2024-11-29 17:33:20 #20 store] 
Database 'D:\Usuaris\alum-01\Documents\NetBeansProjects\M06_UF2_PR2_Solucio\db\M06_UF2_PR2.odb' is opened by 16164@A80436681174019

[2024-11-29 17:33:20 #21 store] 
Configuration path: ?

[2024-11-29 17:33:20 #22 store] 
Database 'D:\Usuaris\alum-01\Documents\NetBeansProjects\M06_UF2_PR2_Solucio\db\M06_UF2_PR2.odb' is closed by 16164@A80436681174019

[2024-11-29 17:33:39 #23 store] 
Database 'D:\Usuaris\alum-01\Documents\NetBeansProjects\M06_UF2_PR2_Solucio\db\M06_UF2_PR2.odb' is opened by 16164@A80436681174019

[2024-11-29 17:33:39 #24 store] 
Configuration path: ?

[2024-11-29 17:33:39 #25 store] 
Database 'D:\Usuaris\alum-01\Documents\NetBeansProjects\M06_UF2_PR2_Solucio\db\M06_UF2_PR2.odb' is closed by 16164@A80436681174019

[2024-11-29 17:33:41 #26 store] 
Database 'D:\Usuaris\alum-01\Documents\NetBeansProjects\M06_UF2_PR2_Solucio\db\M06_UF2_PR2.odb' is opened by 16164@A80436681174019

[2024-11-29 17:33:41 #27 store] 
Configuration path: ?

[2024-11-29 17:33:41 #28 store] 
Database 'D:\Usuaris\alum-01\Documents\NetBeansProjects\M06_UF2_PR2_Solucio\db\M06_UF2_PR2.odb' is closed by 16164@A80436681174019

[2024-11-29 17:33:46 #29 store] 
Database 'D:\Usuaris\alum-01\Documents\NetBeansProjects\M06_UF2_PR2_Solucio\db\M06_UF2_PR2.odb' is opened by 16164@A80436681174019

[2024-11-29 17:33:46 #30 store] 
Configuration path: ?

[2024-11-29 17:33:46 #31 store] 
Database 'D:\Usuaris\alum-01\Documents\NetBeansProjects\M06_UF2_PR2_Solucio\db\M06_UF2_PR2.odb' is closed by 16164@A80436681174019

